[0227/161838:INFO:user_input_monitor_win.cc(168)] RegisterRawInputDevices() failed for RIDEV_REMOVE: The parameter is incorrect. (0x57)
[0227/161842:ERROR:audio_output_device.cc(369)] IO loop going away before the audio device has been stopped
[0227/161842:ERROR:audio_input_device.cc(269)] IO loop going away before the input device has been stopped
[0227/163741.322:ERROR:audio_output_device.cc(425)] IO loop going away before the audio device has been stopped
[0227/163756.015:INFO:user_input_monitor_win.cc(171)] RegisterRawInputDevices() failed for RIDEV_REMOVE: The parameter is incorrect. (0x57)
[0227/163812.534:INFO:user_input_monitor_win.cc(171)] RegisterRawInputDevices() failed for RIDEV_REMOVE: The parameter is incorrect. (0x57)
[0227/163816.970:ERROR:audio_output_device.cc(425)] IO loop going away before the audio device has been stopped
[0227/165104.252:ERROR:audio_output_device.cc(425)] IO loop going away before the audio device has been stopped
[0227/165741.013:ERROR:audio_output_device.cc(425)] IO loop going away before the audio device has been stopped
[0227/170132.406:ERROR:audio_output_device.cc(425)] IO loop going away before the audio device has been stopped
[0227/170431.307:ERROR:audio_output_device.cc(425)] IO loop going away before the audio device has been stopped
[0227/170436.887:ERROR:audio_output_device.cc(425)] IO loop going away before the audio device has been stopped
[0227/170438.201:INFO:user_input_monitor_win.cc(171)] RegisterRawInputDevices() failed for RIDEV_REMOVE: The parameter is incorrect. (0x57)
[0227/170449.972:INFO:user_input_monitor_win.cc(171)] RegisterRawInputDevices() failed for RIDEV_REMOVE: The parameter is incorrect. (0x57)
[0227/170452.622:ERROR:audio_output_device.cc(425)] IO loop going away before the audio device has been stopped
[0227/170453.974:INFO:user_input_monitor_win.cc(171)] RegisterRawInputDevices() failed for RIDEV_REMOVE: The parameter is incorrect. (0x57)
[0227/170505.326:ERROR:audio_output_device.cc(425)] IO loop going away before the audio device has been stopped
[0227/170506.672:INFO:user_input_monitor_win.cc(171)] RegisterRawInputDevices() failed for RIDEV_REMOVE: The parameter is incorrect. (0x57)
[0414/134208.365:WARNING:spdy_session.cc(2224)] Received HEADERS for invalid stream 11
[0414/134208.381:WARNING:spdy_session.cc(2224)] Received HEADERS for invalid stream 3
[0414/134208.382:WARNING:spdy_session.cc(2224)] Received HEADERS for invalid stream 1
[0414/134208.412:WARNING:spdy_session.cc(2224)] Received HEADERS for invalid stream 3
[0414/134208.464:WARNING:spdy_session.cc(2224)] Received HEADERS for invalid stream 5
[0419/154216.520:WARNING:spdy_session.cc(2224)] Received HEADERS for invalid stream 45
[0419/154227.783:WARNING:spdy_session.cc(2224)] Received HEADERS for invalid stream 3
[0419/154451.725:WARNING:spdy_session.cc(2224)] Received HEADERS for invalid stream 7
[0419/163940.010:WARNING:spdy_session.cc(2224)] Received HEADERS for invalid stream 7
[0419/165356.882:WARNING:spdy_session.cc(2224)] Received HEADERS for invalid stream 3
[0423/153002.115:ERROR:browser_host_impl.cc(1548)] Invalid URL passed to CefBrowserHostImpl::LoadURL: 
[0423/153014.546:WARNING:spdy_session.cc(2224)] Received HEADERS for invalid stream 1
[0423/153015.572:WARNING:spdy_session.cc(2224)] Received HEADERS for invalid stream 3
[0423/153147.346:ERROR:browser_host_impl.cc(1548)] Invalid URL passed to CefBrowserHostImpl::LoadURL: 
[0423/154733.316:ERROR:browser_host_impl.cc(1548)] Invalid URL passed to CefBrowserHostImpl::LoadURL: 
[0423/154754.372:ERROR:browser_host_impl.cc(1548)] Invalid URL passed to CefBrowserHostImpl::LoadURL: 
[0423/154805.299:WARNING:quota_manager.cc(1833)] Create directory failed for path
[0423/154805.316:WARNING:quota_manager.cc(1833)] Create directory failed for path
[0423/154806.918:WARNING:quota_manager.cc(1833)] Create directory failed for path
[0423/162626.308:ERROR:browser_host_impl.cc(1548)] Invalid URL passed to CefBrowserHostImpl::LoadURL: 
[0423/162636.971:ERROR:browser_host_impl.cc(1548)] Invalid URL passed to CefBrowserHostImpl::LoadURL: 
[0423/163350.241:ERROR:browser_host_impl.cc(1548)] Invalid URL passed to CefBrowserHostImpl::LoadURL: 
[0423/163623.802:ERROR:browser_host_impl.cc(1548)] Invalid URL passed to CefBrowserHostImpl::LoadURL: 
[0423/163724.389:WARNING:spdy_session.cc(2224)] Received HEADERS for invalid stream 1
[0423/173052.894:ERROR:ssl_client_socket_impl.cc(1101)] handshake failed; returned -1, SSL error code 1, net_error -101
[0423/195101.825:WARNING:quota_manager.cc(1833)] Create directory failed for path
[0423/195101.826:WARNING:quota_manager.cc(1833)] Create directory failed for path
[0423/195103.466:WARNING:quota_manager.cc(1833)] Create directory failed for path
[0423/195152.754:ERROR:render_media_log.cc(25)] MediaEvent: PIPELINE_ERROR demuxer: could not open
[0423/195155.199:ERROR:ssl_client_socket_impl.cc(1101)] handshake failed; returned -1, SSL error code 1, net_error -100
[0423/200729.244:ERROR:browser_host_impl.cc(1548)] Invalid URL passed to CefBrowserHostImpl::LoadURL: 
[0423/200754.695:ERROR:browser_host_impl.cc(1548)] Invalid URL passed to CefBrowserHostImpl::LoadURL: 
[0423/201333.969:WARNING:quota_manager.cc(1833)] Create directory failed for path
[0423/201333.969:WARNING:quota_manager.cc(1833)] Create directory failed for path
[0423/201335.609:WARNING:quota_manager.cc(1833)] Create directory failed for path
[0423/205643.559:WARNING:quota_manager.cc(1833)] Create directory failed for path
[0423/205643.560:WARNING:quota_manager.cc(1833)] Create directory failed for path
[0423/205645.492:WARNING:quota_manager.cc(1833)] Create directory failed for path
[0423/205840.602:WARNING:quota_manager.cc(1833)] Create directory failed for path
[0423/205840.602:WARNING:quota_manager.cc(1833)] Create directory failed for path
[0423/205841.077:WARNING:quota_manager.cc(1833)] Create directory failed for path
[0423/210146.321:WARNING:quota_manager.cc(1833)] Create directory failed for path
[0423/210146.322:WARNING:quota_manager.cc(1833)] Create directory failed for path
[0423/210146.925:WARNING:quota_manager.cc(1833)] Create directory failed for path
[0423/210351.118:WARNING:quota_manager.cc(1833)] Create directory failed for path
[0423/210351.119:WARNING:quota_manager.cc(1833)] Create directory failed for path
[0423/210351.466:WARNING:quota_manager.cc(1833)] Create directory failed for path
[0423/210625.003:WARNING:quota_manager.cc(1833)] Create directory failed for path
[0423/210625.004:WARNING:quota_manager.cc(1833)] Create directory failed for path
[0423/210626.616:WARNING:quota_manager.cc(1833)] Create directory failed for path
[0423/220242.977:WARNING:quota_manager.cc(1833)] Create directory failed for path
[0423/220242.978:WARNING:quota_manager.cc(1833)] Create directory failed for path
[0423/220244.605:WARNING:quota_manager.cc(1833)] Create directory failed for path
[0423/220351.246:WARNING:quota_manager.cc(1833)] Create directory failed for path
[0423/220351.247:WARNING:quota_manager.cc(1833)] Create directory failed for path
[0423/220351.590:WARNING:quota_manager.cc(1833)] Create directory failed for path
[0423/220613.514:WARNING:quota_manager.cc(1833)] Create directory failed for path
[0423/220613.514:WARNING:quota_manager.cc(1833)] Create directory failed for path
[0423/220615.129:WARNING:quota_manager.cc(1833)] Create directory failed for path
[0423/220738.751:WARNING:quota_manager.cc(1833)] Create directory failed for path
[0423/220738.752:WARNING:quota_manager.cc(1833)] Create directory failed for path
[0423/220739.347:WARNING:quota_manager.cc(1833)] Create directory failed for path
[0423/220917.018:WARNING:quota_manager.cc(1833)] Create directory failed for path
[0423/220917.018:WARNING:quota_manager.cc(1833)] Create directory failed for path
[0423/220917.402:WARNING:quota_manager.cc(1833)] Create directory failed for path
[0423/221028.861:WARNING:quota_manager.cc(1833)] Create directory failed for path
[0423/221028.861:WARNING:quota_manager.cc(1833)] Create directory failed for path
[0423/221029.439:WARNING:quota_manager.cc(1833)] Create directory failed for path
[0423/221608.896:WARNING:quota_manager.cc(1833)] Create directory failed for path
[0423/221608.897:WARNING:quota_manager.cc(1833)] Create directory failed for path
[0423/221611.218:WARNING:quota_manager.cc(1833)] Create directory failed for path
[0423/221758.820:WARNING:quota_manager.cc(1833)] Create directory failed for path
[0423/221758.820:WARNING:quota_manager.cc(1833)] Create directory failed for path
[0423/221759.299:WARNING:quota_manager.cc(1833)] Create directory failed for path
[0423/222103.639:WARNING:quota_manager.cc(1833)] Create directory failed for path
[0423/222103.639:WARNING:quota_manager.cc(1833)] Create directory failed for path
[0423/222104.260:WARNING:quota_manager.cc(1833)] Create directory failed for path
[0423/222254.626:WARNING:quota_manager.cc(1833)] Create directory failed for path
[0423/222254.626:WARNING:quota_manager.cc(1833)] Create directory failed for path
[0423/222255.178:WARNING:quota_manager.cc(1833)] Create directory failed for path
[0423/222338.712:WARNING:quota_manager.cc(1833)] Create directory failed for path
[0423/222338.713:WARNING:quota_manager.cc(1833)] Create directory failed for path
[0423/222339.310:WARNING:quota_manager.cc(1833)] Create directory failed for path
[0423/222348.704:ERROR:ssl_client_socket_impl.cc(1101)] handshake failed; returned -1, SSL error code 1, net_error -101
[0423/222435.082:WARNING:quota_manager.cc(1833)] Create directory failed for path
[0423/222435.082:WARNING:quota_manager.cc(1833)] Create directory failed for path
[0423/222436.821:WARNING:quota_manager.cc(1833)] Create directory failed for path
[0423/222534.040:WARNING:quota_manager.cc(1833)] Create directory failed for path
[0423/222534.040:WARNING:quota_manager.cc(1833)] Create directory failed for path
[0423/222534.895:WARNING:quota_manager.cc(1833)] Create directory failed for path
[0423/222633.030:WARNING:quota_manager.cc(1833)] Create directory failed for path
[0423/222633.031:WARNING:quota_manager.cc(1833)] Create directory failed for path
[0423/222633.612:WARNING:quota_manager.cc(1833)] Create directory failed for path
[0423/222747.419:WARNING:quota_manager.cc(1833)] Create directory failed for path
[0423/222747.419:WARNING:quota_manager.cc(1833)] Create directory failed for path
[0423/222748.013:WARNING:quota_manager.cc(1833)] Create directory failed for path
[0423/222956.730:WARNING:quota_manager.cc(1833)] Create directory failed for path
[0423/222956.730:WARNING:quota_manager.cc(1833)] Create directory failed for path
[0423/222957.332:WARNING:quota_manager.cc(1833)] Create directory failed for path
[0423/223038.731:WARNING:quota_manager.cc(1833)] Create directory failed for path
[0423/223038.732:WARNING:quota_manager.cc(1833)] Create directory failed for path
[0423/223039.349:WARNING:quota_manager.cc(1833)] Create directory failed for path
[0423/223107.438:ERROR:ssl_client_socket_impl.cc(1101)] handshake failed; returned -1, SSL error code 1, net_error -101
[0423/223107.439:ERROR:ssl_client_socket_impl.cc(1101)] handshake failed; returned -1, SSL error code 1, net_error -101
[0423/223107.440:ERROR:ssl_client_socket_impl.cc(1101)] handshake failed; returned -1, SSL error code 1, net_error -101
[0423/223107.582:ERROR:ssl_client_socket_impl.cc(1101)] handshake failed; returned -1, SSL error code 1, net_error -101
[0423/223555.396:WARNING:quota_manager.cc(1833)] Create directory failed for path
[0423/223555.397:WARNING:quota_manager.cc(1833)] Create directory failed for path
[0423/223654.271:WARNING:quota_manager.cc(1833)] Create directory failed for path
[0423/223654.271:WARNING:quota_manager.cc(1833)] Create directory failed for path
[0423/223654.599:WARNING:quota_manager.cc(1833)] Create directory failed for path
[0423/223940.686:WARNING:quota_manager.cc(1833)] Create directory failed for path
[0423/223940.686:WARNING:quota_manager.cc(1833)] Create directory failed for path
[0423/223941.343:WARNING:quota_manager.cc(1833)] Create directory failed for path
[0423/224028.113:WARNING:quota_manager.cc(1833)] Create directory failed for path
[0423/224028.114:WARNING:quota_manager.cc(1833)] Create directory failed for path
[0423/224028.649:WARNING:quota_manager.cc(1833)] Create directory failed for path
[0423/224110.164:WARNING:quota_manager.cc(1833)] Create directory failed for path
[0423/224110.165:WARNING:quota_manager.cc(1833)] Create directory failed for path
[0423/224110.819:WARNING:quota_manager.cc(1833)] Create directory failed for path
[0423/224142.887:WARNING:quota_manager.cc(1833)] Create directory failed for path
[0423/224142.887:WARNING:quota_manager.cc(1833)] Create directory failed for path
[0423/224143.498:WARNING:quota_manager.cc(1833)] Create directory failed for path
[0423/224154.553:ERROR:ssl_client_socket_impl.cc(1101)] handshake failed; returned -1, SSL error code 1, net_error -101
[0423/224332.342:WARNING:quota_manager.cc(1833)] Create directory failed for path
[0423/224332.342:WARNING:quota_manager.cc(1833)] Create directory failed for path
[0423/224332.902:WARNING:quota_manager.cc(1833)] Create directory failed for path
[0423/224852.750:WARNING:quota_manager.cc(1833)] Create directory failed for path
[0423/224852.750:WARNING:quota_manager.cc(1833)] Create directory failed for path
[0423/224854.313:WARNING:quota_manager.cc(1833)] Create directory failed for path
[0423/224931.666:ERROR:ssl_client_socket_impl.cc(1101)] handshake failed; returned -1, SSL error code 1, net_error -101
[0423/224931.740:ERROR:ssl_client_socket_impl.cc(1101)] handshake failed; returned -1, SSL error code 1, net_error -101
[0423/225013.515:ERROR:ssl_client_socket_impl.cc(1101)] handshake failed; returned -1, SSL error code 1, net_error -101
[0423/225252.493:WARNING:quota_manager.cc(1833)] Create directory failed for path
[0423/225252.494:WARNING:quota_manager.cc(1833)] Create directory failed for path
[0423/225252.826:WARNING:quota_manager.cc(1833)] Create directory failed for path
[0423/225430.001:WARNING:quota_manager.cc(1833)] Create directory failed for path
[0423/225430.001:WARNING:quota_manager.cc(1833)] Create directory failed for path
[0423/225431.665:WARNING:quota_manager.cc(1833)] Create directory failed for path
[0423/225435.536:ERROR:ssl_client_socket_impl.cc(1101)] handshake failed; returned -1, SSL error code 1, net_error -101
[0423/225438.544:ERROR:ssl_client_socket_impl.cc(1101)] handshake failed; returned -1, SSL error code 1, net_error -101
[0423/225438.868:ERROR:ssl_client_socket_impl.cc(1101)] handshake failed; returned -1, SSL error code 1, net_error -101
[0423/225441.629:ERROR:ssl_client_socket_impl.cc(1101)] handshake failed; returned -1, SSL error code 1, net_error -101
[0423/225723.007:WARNING:quota_manager.cc(1833)] Create directory failed for path
[0423/225723.007:WARNING:quota_manager.cc(1833)] Create directory failed for path
[0423/225723.592:WARNING:quota_manager.cc(1833)] Create directory failed for path
[0423/225807.619:ERROR:ssl_client_socket_impl.cc(1101)] handshake failed; returned -1, SSL error code 1, net_error -101
[0423/225810.702:ERROR:ssl_client_socket_impl.cc(1101)] handshake failed; returned -1, SSL error code 1, net_error -101
[0503/135452.704:WARNING:quota_manager.cc(1833)] Create directory failed for path
[0503/135452.713:WARNING:quota_manager.cc(1833)] Create directory failed for path
[0503/135454.478:WARNING:quota_manager.cc(1833)] Create directory failed for path
[0503/135935.788:WARNING:quota_manager.cc(1833)] Create directory failed for path
[0503/135935.789:WARNING:quota_manager.cc(1833)] Create directory failed for path
[0503/135937.409:WARNING:quota_manager.cc(1833)] Create directory failed for path
[0503/140441.838:WARNING:quota_manager.cc(1833)] Create directory failed for path
[0503/140441.839:WARNING:quota_manager.cc(1833)] Create directory failed for path
[0503/140442.263:WARNING:quota_manager.cc(1833)] Create directory failed for path
[0503/141047.589:WARNING:quota_manager.cc(1833)] Create directory failed for path
[0503/141047.589:WARNING:quota_manager.cc(1833)] Create directory failed for path
[0503/141049.259:WARNING:quota_manager.cc(1833)] Create directory failed for path
[0503/141257.785:WARNING:quota_manager.cc(1833)] Create directory failed for path
[0503/141257.786:WARNING:quota_manager.cc(1833)] Create directory failed for path
[0503/141258.393:WARNING:quota_manager.cc(1833)] Create directory failed for path
[0503/141558.886:WARNING:quota_manager.cc(1833)] Create directory failed for path
[0503/141558.886:WARNING:quota_manager.cc(1833)] Create directory failed for path
[0503/141559.506:WARNING:quota_manager.cc(1833)] Create directory failed for path
[0503/141712.698:WARNING:quota_manager.cc(1833)] Create directory failed for path
[0503/141712.699:WARNING:quota_manager.cc(1833)] Create directory failed for path
[0503/141714.341:WARNING:quota_manager.cc(1833)] Create directory failed for path
[0503/141955.271:WARNING:quota_manager.cc(1833)] Create directory failed for path
[0503/141955.271:WARNING:quota_manager.cc(1833)] Create directory failed for path
[0503/141955.896:WARNING:quota_manager.cc(1833)] Create directory failed for path
[0503/142132.118:WARNING:quota_manager.cc(1833)] Create directory failed for path
[0503/142132.118:WARNING:quota_manager.cc(1833)] Create directory failed for path
[0503/142133.499:WARNING:quota_manager.cc(1833)] Create directory failed for path
[0503/144707.459:WARNING:quota_manager.cc(1833)] Create directory failed for path
[0503/144707.459:WARNING:quota_manager.cc(1833)] Create directory failed for path
[0503/144709.154:WARNING:quota_manager.cc(1833)] Create directory failed for path
[0503/144720.598:WARNING:quota_manager.cc(1833)] Create directory failed for path
[0503/144726.508:WARNING:quota_manager.cc(1833)] Create directory failed for path
[0503/144845.858:WARNING:quota_manager.cc(1833)] Create directory failed for path
[0503/144845.858:WARNING:quota_manager.cc(1833)] Create directory failed for path
[0503/144846.547:WARNING:quota_manager.cc(1833)] Create directory failed for path
[0503/144957.464:WARNING:quota_manager.cc(1833)] Create directory failed for path
[0503/144957.464:WARNING:quota_manager.cc(1833)] Create directory failed for path
[0503/144957.991:WARNING:quota_manager.cc(1833)] Create directory failed for path
[0503/145205.294:WARNING:quota_manager.cc(1833)] Create directory failed for path
[0503/145205.295:WARNING:quota_manager.cc(1833)] Create directory failed for path
[0503/145205.875:WARNING:quota_manager.cc(1833)] Create directory failed for path
[0503/145327.960:WARNING:quota_manager.cc(1833)] Create directory failed for path
[0503/145327.960:WARNING:quota_manager.cc(1833)] Create directory failed for path
[0503/145328.555:WARNING:quota_manager.cc(1833)] Create directory failed for path
[0503/145525.238:WARNING:quota_manager.cc(1833)] Create directory failed for path
[0503/145525.239:WARNING:quota_manager.cc(1833)] Create directory failed for path
[0503/145525.679:WARNING:quota_manager.cc(1833)] Create directory failed for path
[0503/145535.678:WARNING:quota_manager.cc(1833)] Create directory failed for path
[0503/145826.639:WARNING:quota_manager.cc(1833)] Create directory failed for path
[0503/145826.640:WARNING:quota_manager.cc(1833)] Create directory failed for path
[0503/145828.269:WARNING:quota_manager.cc(1833)] Create directory failed for path
[0503/150419.571:WARNING:quota_manager.cc(1833)] Create directory failed for path
[0503/150419.571:WARNING:quota_manager.cc(1833)] Create directory failed for path
[0503/150420.220:WARNING:quota_manager.cc(1833)] Create directory failed for path
[0503/150609.355:WARNING:quota_manager.cc(1833)] Create directory failed for path
[0503/150609.356:WARNING:quota_manager.cc(1833)] Create directory failed for path
[0503/150609.987:WARNING:quota_manager.cc(1833)] Create directory failed for path
[0503/150720.720:WARNING:quota_manager.cc(1833)] Create directory failed for path
[0503/150720.720:WARNING:quota_manager.cc(1833)] Create directory failed for path
[0503/150722.407:WARNING:quota_manager.cc(1833)] Create directory failed for path
[0503/150759.500:WARNING:quota_manager.cc(1833)] Create directory failed for path
[0503/150759.500:WARNING:quota_manager.cc(1833)] Create directory failed for path
[0503/150759.884:WARNING:quota_manager.cc(1833)] Create directory failed for path
[0503/150847.731:WARNING:quota_manager.cc(1833)] Create directory failed for path
[0503/150847.731:WARNING:quota_manager.cc(1833)] Create directory failed for path
[0503/150848.470:WARNING:quota_manager.cc(1833)] Create directory failed for path
[0503/151044.977:WARNING:quota_manager.cc(1833)] Create directory failed for path
[0503/151044.978:WARNING:quota_manager.cc(1833)] Create directory failed for path
[0503/151045.295:WARNING:quota_manager.cc(1833)] Create directory failed for path
[0503/151247.841:WARNING:quota_manager.cc(1833)] Create directory failed for path
[0503/151247.842:WARNING:quota_manager.cc(1833)] Create directory failed for path
[0503/151248.412:WARNING:quota_manager.cc(1833)] Create directory failed for path
[0503/211918.584:WARNING:quota_manager.cc(1833)] Create directory failed for path
[0503/211918.593:WARNING:quota_manager.cc(1833)] Create directory failed for path
[0503/211919.330:WARNING:quota_manager.cc(1833)] Create directory failed for path
[0503/212129.270:WARNING:quota_manager.cc(1833)] Create directory failed for path
[0503/212129.270:WARNING:quota_manager.cc(1833)] Create directory failed for path
[0503/212131.077:WARNING:quota_manager.cc(1833)] Create directory failed for path
[0503/212214.135:WARNING:quota_manager.cc(1833)] Create directory failed for path
[0503/212214.135:WARNING:quota_manager.cc(1833)] Create directory failed for path
[0503/212214.738:WARNING:quota_manager.cc(1833)] Create directory failed for path
[0503/212312.466:WARNING:quota_manager.cc(1833)] Create directory failed for path
[0503/212312.466:WARNING:quota_manager.cc(1833)] Create directory failed for path
[0503/212344.669:WARNING:quota_manager.cc(1833)] Create directory failed for path
[0503/212344.671:WARNING:quota_manager.cc(1833)] Create directory failed for path
[0503/212345.079:WARNING:quota_manager.cc(1833)] Create directory failed for path
[0503/212412.090:WARNING:quota_manager.cc(1833)] Create directory failed for path
[0503/212412.090:WARNING:quota_manager.cc(1833)] Create directory failed for path
[0503/212412.694:WARNING:quota_manager.cc(1833)] Create directory failed for path
[0503/212423.110:ERROR:ssl_client_socket_impl.cc(1101)] handshake failed; returned -1, SSL error code 1, net_error -101
[0503/212656.566:WARNING:quota_manager.cc(1833)] Create directory failed for path
[0503/212656.566:WARNING:quota_manager.cc(1833)] Create directory failed for path
[0503/212657.296:WARNING:quota_manager.cc(1833)] Create directory failed for path
[0503/212702.228:ERROR:ssl_client_socket_impl.cc(1101)] handshake failed; returned -1, SSL error code 1, net_error -101
[0503/212702.563:ERROR:ssl_client_socket_impl.cc(1101)] handshake failed; returned -1, SSL error code 1, net_error -101
[0503/213125.803:WARNING:quota_manager.cc(1833)] Create directory failed for path
[0503/213125.803:WARNING:quota_manager.cc(1833)] Create directory failed for path
[0503/213146.574:WARNING:quota_manager.cc(1833)] Create directory failed for path
[0503/213146.575:WARNING:quota_manager.cc(1833)] Create directory failed for path
[0503/213147.135:WARNING:quota_manager.cc(1833)] Create directory failed for path
[0503/213209.736:WARNING:quota_manager.cc(1833)] Create directory failed for path
[0503/213209.736:WARNING:quota_manager.cc(1833)] Create directory failed for path
[0503/213210.195:WARNING:quota_manager.cc(1833)] Create directory failed for path
[0503/213216.431:ERROR:ssl_client_socket_impl.cc(1101)] handshake failed; returned -1, SSL error code 1, net_error -101
[0503/213216.431:ERROR:ssl_client_socket_impl.cc(1101)] handshake failed; returned -1, SSL error code 1, net_error -101
[0503/213236.227:WARNING:quota_manager.cc(1833)] Create directory failed for path
[0503/213236.228:WARNING:quota_manager.cc(1833)] Create directory failed for path
[0503/213236.810:WARNING:quota_manager.cc(1833)] Create directory failed for path
[0503/213241.662:ERROR:ssl_client_socket_impl.cc(1101)] handshake failed; returned -1, SSL error code 1, net_error -101
[0503/213300.789:WARNING:quota_manager.cc(1833)] Create directory failed for path
[0503/213300.789:WARNING:quota_manager.cc(1833)] Create directory failed for path
[0503/213301.378:WARNING:quota_manager.cc(1833)] Create directory failed for path
[0503/213409.127:WARNING:quota_manager.cc(1833)] Create directory failed for path
[0503/213409.128:WARNING:quota_manager.cc(1833)] Create directory failed for path
[0503/213409.710:WARNING:quota_manager.cc(1833)] Create directory failed for path
[0503/213455.851:WARNING:quota_manager.cc(1833)] Create directory failed for path
[0503/213455.851:WARNING:quota_manager.cc(1833)] Create directory failed for path
[0503/213456.416:WARNING:quota_manager.cc(1833)] Create directory failed for path
[0503/213513.915:ERROR:ssl_client_socket_impl.cc(1101)] handshake failed; returned -1, SSL error code 1, net_error -101
[0503/213547.422:WARNING:quota_manager.cc(1833)] Create directory failed for path
[0503/213547.423:WARNING:quota_manager.cc(1833)] Create directory failed for path
[0503/213548.020:WARNING:quota_manager.cc(1833)] Create directory failed for path
[0503/213552.979:ERROR:ssl_client_socket_impl.cc(1101)] handshake failed; returned -1, SSL error code 1, net_error -101
[0503/213553.044:ERROR:ssl_client_socket_impl.cc(1101)] handshake failed; returned -1, SSL error code 1, net_error -101
[0503/213602.067:ERROR:ssl_client_socket_impl.cc(1101)] handshake failed; returned -1, SSL error code 1, net_error -101
[0503/213639.938:WARNING:quota_manager.cc(1833)] Create directory failed for path
[0503/213639.939:WARNING:quota_manager.cc(1833)] Create directory failed for path
[0503/213640.528:WARNING:quota_manager.cc(1833)] Create directory failed for path
[0503/213645.606:ERROR:ssl_client_socket_impl.cc(1101)] handshake failed; returned -1, SSL error code 1, net_error -101
[0503/213645.689:ERROR:ssl_client_socket_impl.cc(1101)] handshake failed; returned -1, SSL error code 1, net_error -101
[0503/213648.636:ERROR:ssl_client_socket_impl.cc(1101)] handshake failed; returned -1, SSL error code 1, net_error -101
[0503/213859.643:WARNING:quota_manager.cc(1833)] Create directory failed for path
[0503/213859.644:WARNING:quota_manager.cc(1833)] Create directory failed for path
[0503/213901.265:WARNING:quota_manager.cc(1833)] Create directory failed for path
[0503/213908.402:ERROR:ssl_client_socket_impl.cc(1101)] handshake failed; returned -1, SSL error code 1, net_error -101
[0503/213908.487:ERROR:ssl_client_socket_impl.cc(1101)] handshake failed; returned -1, SSL error code 1, net_error -101
[0503/213908.607:ERROR:ssl_client_socket_impl.cc(1101)] handshake failed; returned -1, SSL error code 1, net_error -101
[0503/214251.982:WARNING:quota_manager.cc(1833)] Create directory failed for path
[0503/214251.982:WARNING:quota_manager.cc(1833)] Create directory failed for path
[0503/214252.670:WARNING:quota_manager.cc(1833)] Create directory failed for path
[0503/214305.494:WARNING:quota_manager.cc(1833)] Create directory failed for path
[0503/214327.982:WARNING:quota_manager.cc(1833)] Create directory failed for path
[0503/214333.888:WARNING:quota_manager.cc(1833)] Create directory failed for path
[0503/214338.035:WARNING:quota_manager.cc(1833)] Create directory failed for path
[0503/214624.821:WARNING:quota_manager.cc(1833)] Create directory failed for path
[0503/214624.822:WARNING:quota_manager.cc(1833)] Create directory failed for path
[0503/214625.380:WARNING:quota_manager.cc(1833)] Create directory failed for path
[0503/214633.650:WARNING:spdy_session.cc(2224)] Received HEADERS for invalid stream 5
[0503/214633.652:WARNING:spdy_session.cc(2224)] Received HEADERS for invalid stream 1
[0503/214633.654:WARNING:spdy_session.cc(2224)] Received HEADERS for invalid stream 1
[0503/214633.655:WARNING:spdy_session.cc(2224)] Received HEADERS for invalid stream 3
[0503/214633.659:WARNING:spdy_session.cc(2224)] Received HEADERS for invalid stream 7
[0503/214636.673:WARNING:quota_manager.cc(1833)] Create directory failed for path
[0503/214743.067:WARNING:quota_manager.cc(1833)] Create directory failed for path
[0503/214743.067:WARNING:quota_manager.cc(1833)] Create directory failed for path
[0503/214743.751:WARNING:quota_manager.cc(1833)] Create directory failed for path
[0503/214801.046:WARNING:quota_manager.cc(1833)] Create directory failed for path
[0503/214807.505:WARNING:quota_manager.cc(1833)] Create directory failed for path
[0503/215013.258:WARNING:quota_manager.cc(1833)] Create directory failed for path
[0503/215013.259:WARNING:quota_manager.cc(1833)] Create directory failed for path
[0503/215020.846:WARNING:quota_manager.cc(1833)] Create directory failed for path
[0503/215251.457:WARNING:quota_manager.cc(1833)] Create directory failed for path
[0503/215251.457:WARNING:quota_manager.cc(1833)] Create directory failed for path
[0503/215255.324:WARNING:quota_manager.cc(1833)] Create directory failed for path
[0503/215316.402:ERROR:ssl_client_socket_impl.cc(1101)] handshake failed; returned -1, SSL error code 1, net_error -101
[0515/234053.452:WARNING:quota_manager.cc(1833)] Create directory failed for path
[0515/234053.456:WARNING:quota_manager.cc(1833)] Create directory failed for path
[0515/234053.930:WARNING:quota_manager.cc(1833)] Create directory failed for path
[0515/234208.277:WARNING:quota_manager.cc(1833)] Create directory failed for path
[0515/234208.278:WARNING:quota_manager.cc(1833)] Create directory failed for path
[0515/234208.809:WARNING:quota_manager.cc(1833)] Create directory failed for path
[0515/234507.192:WARNING:quota_manager.cc(1833)] Create directory failed for path
[0515/234507.192:WARNING:quota_manager.cc(1833)] Create directory failed for path
[0515/234507.715:WARNING:quota_manager.cc(1833)] Create directory failed for path
[0516/001208.279:WARNING:quota_manager.cc(1833)] Create directory failed for path
[0516/001507.192:WARNING:quota_manager.cc(1833)] Create directory failed for path
[0516/004208.278:WARNING:quota_manager.cc(1833)] Create directory failed for path
[0516/004507.193:WARNING:quota_manager.cc(1833)] Create directory failed for path
[0516/011208.278:WARNING:quota_manager.cc(1833)] Create directory failed for path
[0516/011507.194:WARNING:quota_manager.cc(1833)] Create directory failed for path
[0516/014208.279:WARNING:quota_manager.cc(1833)] Create directory failed for path
[0516/014507.194:WARNING:quota_manager.cc(1833)] Create directory failed for path
[0516/160121.646:WARNING:quota_manager.cc(1833)] Create directory failed for path
[0516/160121.646:WARNING:quota_manager.cc(1833)] Create directory failed for path
[0516/160122.482:WARNING:quota_manager.cc(1833)] Create directory failed for path
[0516/160358.115:WARNING:quota_manager.cc(1833)] Create directory failed for path
[0516/160358.116:WARNING:quota_manager.cc(1833)] Create directory failed for path
[0516/160358.470:WARNING:quota_manager.cc(1833)] Create directory failed for path
[0516/160605.968:WARNING:quota_manager.cc(1833)] Create directory failed for path
[0516/160605.968:WARNING:quota_manager.cc(1833)] Create directory failed for path
[0516/160606.396:WARNING:quota_manager.cc(1833)] Create directory failed for path
[0516/160845.708:WARNING:quota_manager.cc(1833)] Create directory failed for path
[0516/160845.709:WARNING:quota_manager.cc(1833)] Create directory failed for path
[0516/160846.131:WARNING:quota_manager.cc(1833)] Create directory failed for path
[0516/160957.946:WARNING:quota_manager.cc(1833)] Create directory failed for path
[0516/160957.947:WARNING:quota_manager.cc(1833)] Create directory failed for path
[0516/160958.433:WARNING:quota_manager.cc(1833)] Create directory failed for path
[0516/161033.334:WARNING:quota_manager.cc(1833)] Create directory failed for path
[0516/161033.335:WARNING:quota_manager.cc(1833)] Create directory failed for path
[0516/161033.757:WARNING:quota_manager.cc(1833)] Create directory failed for path
[0516/163748.464:WARNING:quota_manager.cc(1833)] Create directory failed for path
[0516/163748.467:WARNING:quota_manager.cc(1833)] Create directory failed for path
[0516/163749.895:WARNING:quota_manager.cc(1833)] Create directory failed for path
[0516/193743.556:WARNING:quota_manager.cc(1833)] Create directory failed for path
[0516/193743.557:WARNING:quota_manager.cc(1833)] Create directory failed for path
[0516/193746.862:WARNING:quota_manager.cc(1833)] Create directory failed for path
[0516/194511.947:WARNING:quota_manager.cc(1833)] Create directory failed for path
[0516/194511.947:WARNING:quota_manager.cc(1833)] Create directory failed for path
[0516/194525.773:WARNING:quota_manager.cc(1833)] Create directory failed for path
[0516/194525.774:WARNING:quota_manager.cc(1833)] Create directory failed for path
[0516/194531.047:WARNING:quota_manager.cc(1833)] Create directory failed for path
[0728/004344.685:ERROR:broker_win.cc(59)] Error reading broker pipe: Канал был закрыт. (0x6D)
[0728/004344.705:ERROR:broker_win.cc(59)] Error reading broker pipe: Канал был закрыт. (0x6D)
[0728/004348.597:WARNING:quota_manager.cc(1833)] Create directory failed for path
[0728/004348.597:WARNING:quota_manager.cc(1833)] Create directory failed for path
[0728/004349.361:WARNING:quota_manager.cc(1833)] Create directory failed for path
[0728/004559.331:WARNING:quota_manager.cc(1833)] Create directory failed for path
[0728/004559.332:WARNING:quota_manager.cc(1833)] Create directory failed for path
[0728/004559.877:WARNING:quota_manager.cc(1833)] Create directory failed for path
[0728/010945.211:WARNING:quota_manager.cc(1833)] Create directory failed for path
[0728/010945.212:WARNING:quota_manager.cc(1833)] Create directory failed for path
[0728/010945.726:WARNING:quota_manager.cc(1833)] Create directory failed for path
